CarePlus/app/build/outputs/logs/manifest-merger-debug-report.txt
-- Merging decision tree log ---
manifest
ADDED from src\main\AndroidManifest.xml:2:1-138:12
	xmlns:android
		ADDED from src\main\AndroidManifest.xml:2:11-69
	package
		ADDED from src\main\AndroidManifest.xml:3:5-37
		INJECTED from src\main\AndroidManifest.xml
		INJECTED from src\main\AndroidManifest.xml
	android:versionName
		INJECTED from src\main\AndroidManifest.xml
		INJECTED from src\main\AndroidManifest.xml
	android:versionCode
		INJECTED from src\main\AndroidManifest.xml
		INJECTED from src\main\AndroidManifest.xml
uses-permission#android.permission.VIBRATE
ADDED from src\main\AndroidManifest.xml:5:5-66
	android:name
		ADDED from src\main\AndroidManifest.xml:5:22-63
uses-permission#android.permission.INTERNET
ADDED from src\main\AndroidManifest.xml:6:5-67
	android:name
		ADDED from src\main\AndroidManifest.xml:6:22-64
uses-permission#android.permission.RECORD_AUDIO
ADDED from src\main\AndroidManifest.xml:7:5-71
	android:name
		ADDED from src\main\AndroidManifest.xml:7:22-68
uses-permission#android.permission.CAMERA
ADDED from src\main\AndroidManifest.xml:8:5-65
	android:name
		ADDED from src\main\AndroidManifest.xml:8:22-62
uses-permission#android.permission.ACCESS_NETWORK_STATE
ADDED from src\main\AndroidManifest.xml:9:5-79
	android:name
		ADDED from src\main\AndroidManifest.xml:9:22-76
uses-permission#android.permission.WRITE_EXTERNAL_STORAGE
ADDED from src\main\AndroidManifest.xml:10:5-81
	android:name
		ADDED from src\main\AndroidManifest.xml:10:22-78
uses-permission#android.permission.MOUNT_UNMOUNT_FILESYSTEMS
ADDED from src\main\AndroidManifest.xml:11:5-84
	android:name
		ADDED from src\main\AndroidManifest.xml:11:22-81
uses-permission#android.permission.ACCESS_FINE_LOCATION
ADDED from src\main\AndroidManifest.xml:12:5-79
	android:name
		ADDED from src\main\AndroidManifest.xml:12:22-76
uses-permission#android.permission.GET_TASKS
ADDED from src\main\AndroidManifest.xml:13:5-68
	android:name
		ADDED from src\main\AndroidManifest.xml:13:22-65
uses-permission#android.permission.ACCESS_WIFI_STATE
ADDED from src\main\AndroidManifest.xml:14:5-76
	android:name
		ADDED from src\main\AndroidManifest.xml:14:22-73
uses-permission#android.permission.CHANGE_WIFI_STATE
ADDED from src\main\AndroidManifest.xml:15:5-76
	android:name
		ADDED from src\main\AndroidManifest.xml:15:22-73
uses-permission#android.permission.WAKE_LOCK
ADDED from src\main\AndroidManifest.xml:16:5-68
	android:name
		ADDED from src\main\AndroidManifest.xml:16:22-65
uses-permission#android.permission.MODIFY_AUDIO_SETTINGS
ADDED from src\main\AndroidManifest.xml:17:5-80
	android:name
		ADDED from src\main\AndroidManifest.xml:17:22-77
uses-permission#android.permission.READ_PHONE_STATE
ADDED from src\main\AndroidManifest.xml:18:5-75
	android:name
		ADDED from src\main\AndroidManifest.xml:18:22-72
uses-permission#android.permission.RECEIVE_BOOT_COMPLETED
ADDED from src\main\AndroidManifest.xml:19:5-81
	android:name
		ADDED from src\main\AndroidManifest.xml:19:22-78
uses-permission#android.permission.GET_ACCOUNTS
ADDED from src\main\AndroidManifest.xml:20:5-71
	android:name
		ADDED from src\main\AndroidManifest.xml:20:22-68
uses-permission#android.permission.USE_CREDENTIALS
ADDED from src\main\AndroidManifest.xml:21:5-74
	android:name
		ADDED from src\main\AndroidManifest.xml:21:22-71
uses-permission#android.permission.MANAGE_ACCOUNTS
ADDED from src\main\AndroidManifest.xml:22:5-74
	android:name
		ADDED from src\main\AndroidManifest.xml:22:22-71
uses-permission#android.permission.AUTHENTICATE_ACCOUNTS
ADDED from src\main\AndroidManifest.xml:23:5-80
	android:name
		ADDED from src\main\AndroidManifest.xml:23:22-77
uses-permission#com.android.launcher.permission.READ_SETTINGS
ADDED from src\main\AndroidManifest.xml:24:5-85
	android:name
		ADDED from src\main\AndroidManifest.xml:24:22-82
uses-permission#android.permission.BROADCAST_STICKY
ADDED from src\main\AndroidManifest.xml:25:5-75
	android:name
		ADDED from src\main\AndroidManifest.xml:25:22-72
uses-permission#android.permission.WRITE_SETTINGS
ADDED from src\main\AndroidManifest.xml:26:5-73
	android:name
		ADDED from src\main\AndroidManifest.xml:26:22-70
uses-permission#com.google.android.c2dm.permission.RECEIVE
ADDED from src\main\AndroidManifest.xml:27:5-82
	android:name
		ADDED from src\main\AndroidManifest.xml:27:22-79
uses-permission#android.permission.WRITE_CONTACTS
ADDED from src\main\AndroidManifest.xml:29:5-73
	android:name
		ADDED from src\main\AndroidManifest.xml:29:22-70
uses-permission#android.permission.SEND_SMS
ADDED from src\main\AndroidManifest.xml:31:5-67
	android:name
		ADDED from src\main\AndroidManifest.xml:31:22-64
permission#cn.com.cjland.careplus.permission.C2D_MESSAGE
ADDED from src\main\AndroidManifest.xml:34:5-36:47
	android:protectionLevel
		ADDED from src\main\AndroidManifest.xml:36:9-44
	android:name
		ADDED from src\main\AndroidManifest.xml:35:9-69
uses-permission#cn.com.cjland.careplus.permission.C2D_MESSAGE
ADDED from src\main\AndroidManifest.xml:38:5-85
	android:name
		ADDED from src\main\AndroidManifest.xml:38:22-82
permission#cn.com.cjland.careplus.permission.MIPUSH_RECEIVE
ADDED from src\main\AndroidManifest.xml:40:5-42:47
	android:protectionLevel
		ADDED from src\main\AndroidManifest.xml:42:9-44
	android:name
		ADDED from src\main\AndroidManifest.xml:41:9-72
uses-permission#cn.com.cjland.careplus.permission.MIPUSH_RECEIVE
ADDED from src\main\AndroidManifest.xml:44:5-88
	android:name
		ADDED from src\main\AndroidManifest.xml:44:22-85
uses-permission#android.permission.READ_PROFILE
ADDED from src\main\AndroidManifest.xml:47:5-71
	android:name
		ADDED from src\main\AndroidManifest.xml:47:22-68
uses-permission#android.permission.READ_CONTACTS
ADDED from src\main\AndroidManifest.xml:48:5-72
	android:name
		ADDED from src\main\AndroidManifest.xml:48:22-69
application
ADDED from src\main\AndroidManifest.xml:50:5-136:19
MERGED from [com.android.support:appcompat-v7:23.0.1] AndroidManifest.xml:22:5-20
MERGED from [com.android.support:support-v4:23.0.1] AndroidManifest.xml:22:5-20
MERGED from [com.android.support:support-v4:23.0.1] AndroidManifest.xml:22:5-20
	android:supportsRtl
		ADDED from src\main\AndroidManifest.xml:55:9-35
	android:label
		ADDED from src\main\AndroidManifest.xml:54:9-41
	android:allowBackup
		ADDED from src\main\AndroidManifest.xml:52:9-35
	android:icon
		ADDED from src\main\AndroidManifest.xml:53:9-43
	android:theme
		ADDED from src\main\AndroidManifest.xml:56:9-40
	android:name
		ADDED from src\main\AndroidManifest.xml:51:9-52
meta-data#EASEMOB_APPKEY
ADDED from src\main\AndroidManifest.xml:59:9-61:48
	android:name
		ADDED from src\main\AndroidManifest.xml:60:13-42
	android:value
		ADDED from src\main\AndroidManifest.xml:61:13-45
service#com.easemob.chat.EMChatService
ADDED from src\main\AndroidManifest.xml:63:9-65:39
	android:exported
		ADDED from src\main\AndroidManifest.xml:65:13-36
	android:name
		ADDED from src\main\AndroidManifest.xml:64:13-58
receiver#com.easemob.chat.EMMonitorReceiver
ADDED from src\main\AndroidManifest.xml:67:9-78:20
	android:name
		ADDED from src\main\AndroidManifest.xml:67:19-68
intent-filter#android.intent.action.PACKAGE_REMOVED
ADDED from src\main\AndroidManifest.xml:68:13-72:29
action#android.intent.action.PACKAGE_REMOVED
ADDED from src\main\AndroidManifest.xml:69:17-80
	android:name
		ADDED from src\main\AndroidManifest.xml:69:25-77
data
ADDED from src\main\AndroidManifest.xml:71:17-50
	android:scheme
		ADDED from src\main\AndroidManifest.xml:71:23-47
intent-filter#android.intent.action.BOOT_COMPLETED+android.intent.action.USER_PRESENT
ADDED from src\main\AndroidManifest.xml:74:13-77:29
action#android.intent.action.BOOT_COMPLETED
ADDED from src\main\AndroidManifest.xml:75:17-79
	android:name
		ADDED from src\main\AndroidManifest.xml:75:25-76
action#android.intent.action.USER_PRESENT
ADDED from src\main\AndroidManifest.xml:76:17-77
	android:name
		ADDED from src\main\AndroidManifest.xml:76:25-74
activity#cn.com.cjland.careplus.activity.MainActivity
ADDED from src\main\AndroidManifest.xml:80:9-91:20
	android:theme
		ADDED from src\main\AndroidManifest.xml:82:13-81
	android:name
		ADDED from src\main\AndroidManifest.xml:81:13-50
receiver#cn.com.cjland.careplus.receiver.NetBroadcastReceiver
ADDED from src\main\AndroidManifest.xml:93:9-100:20
	android:name
		ADDED from src\main\AndroidManifest.xml:93:19-64
intent-filter#cn.com.cjland.careplus.net
ADDED from src\main\AndroidManifest.xml:96:13-99:29
action#cn.com.cjland.careplus.net
ADDED from src\main\AndroidManifest.xml:97:17-69
	android:name
		ADDED from src\main\AndroidManifest.xml:97:25-66
activity#cn.com.cjland.careplus.activity.BaseActivity
ADDED from src\main\AndroidManifest.xml:102:9-59
	android:name
		ADDED from src\main\AndroidManifest.xml:102:19-56
activity#cn.com.cjland.careplus.activity.TestActivity
ADDED from src\main\AndroidManifest.xml:103:9-59
	android:name
		ADDED from src\main\AndroidManifest.xml:103:19-56
activity#cn.com.cjland.careplus.activity.LoginActivity
ADDED from src\main\AndroidManifest.xml:104:9-110:20
	android:name
		ADDED from src\main\AndroidManifest.xml:104:19-57
intent-filter#android.intent.action.MAIN+android.intent.category.LAUNCHER
ADDED from src\main\AndroidManifest.xml:105:13-109:29
action#android.intent.action.MAIN
ADDED from src\main\AndroidManifest.xml:106:17-69
	android:name
		ADDED from src\main\AndroidManifest.xml:106:25-66
category#android.intent.category.LAUNCHER
ADDED from src\main\AndroidManifest.xml:108:17-77
	android:name
		ADDED from src\main\AndroidManifest.xml:108:27-74
activity#cn.com.cjland.careplus.activity.RegistActivity
ADDED from src\main\AndroidManifest.xml:111:9-113:61
	android:label
		ADDED from src\main\AndroidManifest.xml:113:13-58
	android:name
		ADDED from src\main\AndroidManifest.xml:112:13-52
activity#cn.com.cjland.careplus.activity.ForgetPwdActivity
ADDED from src\main\AndroidManifest.xml:114:9-116:65
	android:label
		ADDED from src\main\AndroidManifest.xml:116:13-62
	android:name
		ADDED from src\main\AndroidManifest.xml:115:13-55
activity#cn.com.cjland.careplus.activity.ChatActivity
ADDED from src\main\AndroidManifest.xml:117:9-119:84
	android:theme
		ADDED from src\main\AndroidManifest.xml:119:13-81
	android:name
		ADDED from src\main\AndroidManifest.xml:118:13-50
activity#cn.com.cjland.careplus.activity.AuthenticationActivity
ADDED from src\main\AndroidManifest.xml:120:9-69
	android:name
		ADDED from src\main\AndroidManifest.xml:120:19-66
activity#cn.com.cjland.careplus.activity.SelectHosActivity
ADDED from src\main\AndroidManifest.xml:121:9-64
	android:name
		ADDED from src\main\AndroidManifest.xml:121:19-61
activity#cn.com.cjland.careplus.activity.SelectKeshiActivity
ADDED from src\main\AndroidManifest.xml:122:9-66
	android:name
		ADDED from src\main\AndroidManifest.xml:122:19-63
activity#cn.com.cjland.careplus.activity.SelectZcActivity
ADDED from src\main\AndroidManifest.xml:123:9-63
	android:name
		ADDED from src\main\AndroidManifest.xml:123:19-60
activity#cn.com.cjland.careplus.activity.NewUserActivity
ADDED from src\main\AndroidManifest.xml:124:9-62
	android:name
		ADDED from src\main\AndroidManifest.xml:124:19-59
activity#cn.com.cjland.careplus.activity.QaDetailsActivity
ADDED from src\main\AndroidManifest.xml:125:9-127:65
	android:label
		ADDED from src\main\AndroidManifest.xml:127:13-62
	android:name
		ADDED from src\main\AndroidManifest.xml:126:13-55
activity#cn.com.cjland.careplus.activity.AnswerActivity
ADDED from src\main\AndroidManifest.xml:128:9-130:61
	android:label
		ADDED from src\main\AndroidManifest.xml:130:13-58
	android:name
		ADDED from src\main\AndroidManifest.xml:129:13-52
activity#cn.com.cjland.careplus.activity.SettingActivity
ADDED from src\main\AndroidManifest.xml:131:9-62
	android:name
		ADDED from src\main\AndroidManifest.xml:131:19-59
activity#cn.com.cjland.careplus.activity.FeekActivity
ADDED from src\main\AndroidManifest.xml:132:9-59
	android:name
		ADDED from src\main\AndroidManifest.xml:132:19-56
activity#cn.com.cjland.careplus.activity.VersionActivity
ADDED from src\main\AndroidManifest.xml:133:9-62
	android:name
		ADDED from src\main\AndroidManifest.xml:133:19-59
activity#cn.com.cjland.careplus.activity.ShowPhotoActivity
ADDED from src\main\AndroidManifest.xml:134:9-135:93
	android:theme
		ADDED from src\main\AndroidManifest.xml:135:13-81
	android:name
		ADDED from src\main\AndroidManifest.xml:134:19-61
uses-sdk
INJECTED from src\main\AndroidManifest.xml reason: use-sdk injection requested
MERGED from [com.android.support:appcompat-v7:23.0.1] AndroidManifest.xml:20:5-43
MERGED from [com.android.support:support-v4:23.0.1] AndroidManifest.xml:20:5-43
MERGED from [CarePlus:easeUI:unspecified] AndroidManifest.xml:7:5-9:41
MERGED from [com.android.support:support-v4:23.0.1] AndroidManifest.xml:20:5-43
	android:targetSdkVersion
		INJECTED from src\main\AndroidManifest.xml
		INJECTED from src\main\AndroidManifest.xml
	android:minSdkVersion
		INJECTED from src\main\AndroidManifest.xml
		INJECTED from src\main\AndroidManifest.xml